23:02:33 **** Incremental Build of configuration Release for project LedBlink ****
make all 
'Building file: ../Sources/Events.c'
'Invoking: Cross ARM C Compiler'
arm-none-eabi-gcc -mcpu=cortex-m0plus -mthumb -Os -fmessage-length=0 -fsigned-char -ffunction-sections -fdata-sections  -g -I"C:/Users/user/Dropbox/GitHub/FREESCALE-MKL46Z256/Proyectos/LedBlink/Static_Code\PDD" -I"C:/Users/user/Dropbox/GitHub/FREESCALE-MKL46Z256/Proyectos/LedBlink/Static_Code\IO_Map" -I"C:/Users/user/Dropbox/GitHub/FREESCALE-MKL46Z256/Proyectos/LedBlink/Sources" -I"C:/Users/user/Dropbox/GitHub/FREESCALE-MKL46Z256/Proyectos/LedBlink/Generated_Code" -std=c99 -MMD -MP -MF"Sources/Events.d" -MT"Sources/Events.o" -c -o "Sources/Events.o" "../Sources/Events.c"
'Finished building: ../Sources/Events.c'
' '
'Building file: ../Sources/main.c'
'Invoking: Cross ARM C Compiler'
arm-none-eabi-gcc -mcpu=cortex-m0plus -mthumb -Os -fmessage-length=0 -fsigned-char -ffunction-sections -fdata-sections  -g -I"C:/Users/user/Dropbox/GitHub/FREESCALE-MKL46Z256/Proyectos/LedBlink/Static_Code\PDD" -I"C:/Users/user/Dropbox/GitHub/FREESCALE-MKL46Z256/Proyectos/LedBlink/Static_Code\IO_Map" -I"C:/Users/user/Dropbox/GitHub/FREESCALE-MKL46Z256/Proyectos/LedBlink/Sources" -I"C:/Users/user/Dropbox/GitHub/FREESCALE-MKL46Z256/Proyectos/LedBlink/Generated_Code" -std=c99 -MMD -MP -MF"Sources/main.d" -MT"Sources/main.o" -c -o "Sources/main.o" "../Sources/main.c"
'Finished building: ../Sources/main.c'
' '
'Building file: ../Generated_Code/Cpu.c'
'Invoking: Cross ARM C Compiler'
arm-none-eabi-gcc -mcpu=cortex-m0plus -mthumb -Os -fmessage-length=0 -fsigned-char -ffunction-sections -fdata-sections  -g -I"C:/Users/user/Dropbox/GitHub/FREESCALE-MKL46Z256/Proyectos/LedBlink/Static_Code\PDD" -I"C:/Users/user/Dropbox/GitHub/FREESCALE-MKL46Z256/Proyectos/LedBlink/Static_Code\IO_Map" -I"C:/Users/user/Dropbox/GitHub/FREESCALE-MKL46Z256/Proyectos/LedBlink/Sources" -I"C:/Users/user/Dropbox/GitHub/FREESCALE-MKL46Z256/Proyectos/LedBlink/Generated_Code" -std=c99 -MMD -MP -MF"Generated_Code/Cpu.d" -MT"Generated_Code/Cpu.o" -c -o "Generated_Code/Cpu.o" "../Generated_Code/Cpu.c"
'Finished building: ../Generated_Code/Cpu.c'
' '
'Building file: ../Generated_Code/PE_LDD.c'
'Invoking: Cross ARM C Compiler'
arm-none-eabi-gcc -mcpu=cortex-m0plus -mthumb -Os -fmessage-length=0 -fsigned-char -ffunction-sections -fdata-sections  -g -I"C:/Users/user/Dropbox/GitHub/FREESCALE-MKL46Z256/Proyectos/LedBlink/Static_Code\PDD" -I"C:/Users/user/Dropbox/GitHub/FREESCALE-MKL46Z256/Proyectos/LedBlink/Static_Code\IO_Map" -I"C:/Users/user/Dropbox/GitHub/FREESCALE-MKL46Z256/Proyectos/LedBlink/Sources" -I"C:/Users/user/Dropbox/GitHub/FREESCALE-MKL46Z256/Proyectos/LedBlink/Generated_Code" -std=c99 -MMD -MP -MF"Generated_Code/PE_LDD.d" -MT"Generated_Code/PE_LDD.o" -c -o "Generated_Code/PE_LDD.o" "../Generated_Code/PE_LDD.c"
'Finished building: ../Generated_Code/PE_LDD.c'
' '
'Building file: ../Generated_Code/TI1.c'
'Invoking: Cross ARM C Compiler'
arm-none-eabi-gcc -mcpu=cortex-m0plus -mthumb -Os -fmessage-length=0 -fsigned-char -ffunction-sections -fdata-sections  -g -I"C:/Users/user/Dropbox/GitHub/FREESCALE-MKL46Z256/Proyectos/LedBlink/Static_Code\PDD" -I"C:/Users/user/Dropbox/GitHub/FREESCALE-MKL46Z256/Proyectos/LedBlink/Static_Code\IO_Map" -I"C:/Users/user/Dropbox/GitHub/FREESCALE-MKL46Z256/Proyectos/LedBlink/Sources" -I"C:/Users/user/Dropbox/GitHub/FREESCALE-MKL46Z256/Proyectos/LedBlink/Generated_Code" -std=c99 -MMD -MP -MF"Generated_Code/TI1.d" -MT"Generated_Code/TI1.o" -c -o "Generated_Code/TI1.o" "../Generated_Code/TI1.c"
'Finished building: ../Generated_Code/TI1.c'
' '
'Building file: ../Generated_Code/TU1.c'
'Invoking: Cross ARM C Compiler'
arm-none-eabi-gcc -mcpu=cortex-m0plus -mthumb -Os -fmessage-length=0 -fsigned-char -ffunction-sections -fdata-sections  -g -I"C:/Users/user/Dropbox/GitHub/FREESCALE-MKL46Z256/Proyectos/LedBlink/Static_Code\PDD" -I"C:/Users/user/Dropbox/GitHub/FREESCALE-MKL46Z256/Proyectos/LedBlink/Static_Code\IO_Map" -I"C:/Users/user/Dropbox/GitHub/FREESCALE-MKL46Z256/Proyectos/LedBlink/Sources" -I"C:/Users/user/Dropbox/GitHub/FREESCALE-MKL46Z256/Proyectos/LedBlink/Generated_Code" -std=c99 -MMD -MP -MF"Generated_Code/TU1.d" -MT"Generated_Code/TU1.o" -c -o "Generated_Code/TU1.o" "../Generated_Code/TU1.c"
'Finished building: ../Generated_Code/TU1.c'
' '
'Building file: ../Generated_Code/TimerIntLdd1.c'
'Invoking: Cross ARM C Compiler'
arm-none-eabi-gcc -mcpu=cortex-m0plus -mthumb -Os -fmessage-length=0 -fsigned-char -ffunction-sections -fdata-sections  -g -I"C:/Users/user/Dropbox/GitHub/FREESCALE-MKL46Z256/Proyectos/LedBlink/Static_Code\PDD" -I"C:/Users/user/Dropbox/GitHub/FREESCALE-MKL46Z256/Proyectos/LedBlink/Static_Code\IO_Map" -I"C:/Users/user/Dropbox/GitHub/FREESCALE-MKL46Z256/Proyectos/LedBlink/Sources" -I"C:/Users/user/Dropbox/GitHub/FREESCALE-MKL46Z256/Proyectos/LedBlink/Generated_Code" -std=c99 -MMD -MP -MF"Generated_Code/TimerIntLdd1.d" -MT"Generated_Code/TimerIntLdd1.o" -c -o "Generated_Code/TimerIntLdd1.o" "../Generated_Code/TimerIntLdd1.c"
'Finished building: ../Generated_Code/TimerIntLdd1.c'
' '
'Building file: ../Generated_Code/Vectors.c'
'Invoking: Cross ARM C Compiler'
arm-none-eabi-gcc -mcpu=cortex-m0plus -mthumb -Os -fmessage-length=0 -fsigned-char -ffunction-sections -fdata-sections  -g -I"C:/Users/user/Dropbox/GitHub/FREESCALE-MKL46Z256/Proyectos/LedBlink/Static_Code\PDD" -I"C:/Users/user/Dropbox/GitHub/FREESCALE-MKL46Z256/Proyectos/LedBlink/Static_Code\IO_Map" -I"C:/Users/user/Dropbox/GitHub/FREESCALE-MKL46Z256/Proyectos/LedBlink/Sources" -I"C:/Users/user/Dropbox/GitHub/FREESCALE-MKL46Z256/Proyectos/LedBlink/Generated_Code" -std=c99 -MMD -MP -MF"Generated_Code/Vectors.d" -MT"Generated_Code/Vectors.o" -c -o "Generated_Code/Vectors.o" "../Generated_Code/Vectors.c"
'Finished building: ../Generated_Code/Vectors.c'
' '
'Building target: LedBlink.elf'
'Invoking: Cross ARM C++ Linker'
arm-none-eabi-g++ -mcpu=cortex-m0plus -mthumb -Os -fmessage-length=0 -fsigned-char -ffunction-sections -fdata-sections  -g -T "C:/Users/user/Dropbox/GitHub/FREESCALE-MKL46Z256/Proyectos/LedBlink/Project_Settings/Linker_Files/ProcessorExpert.ld" -Xlinker --gc-sections -L"C:/Users/user/Dropbox/GitHub/FREESCALE-MKL46Z256/Proyectos/LedBlink/Project_Settings/Linker_Files" -Wl,-Map,"LedBlink.map" -nanolibc -o "LedBlink.elf"  ./Sources/Events.o ./Sources/main.o  ./Project_Settings/Startup_Code/startup.o  ./Generated_Code/BitIoLdd1.o ./Generated_Code/Cpu.o ./Generated_Code/LedPtd5.o ./Generated_Code/PE_LDD.o ./Generated_Code/TI1.o ./Generated_Code/TU1.o ./Generated_Code/TimerIntLdd1.o ./Generated_Code/Vectors.o   
'Finished building target: LedBlink.elf'
' '

23:02:36 Build Finished (took 2s.582ms)

