20:57:18 **** Build of configuration Debug for project Proyecto2 ****
make all 
'Building file: ../Sources/Events.c'
'Invoking: Cross ARM C Compiler'
arm-none-eabi-gcc -mcpu=cortex-m0plus -mthumb -O0 -fmessage-length=0 -fsigned-char -ffunction-sections -fdata-sections  -g3 -I"C:/Users/user/Dropbox/GitHub/FREESCALE-MKL46Z256/Proyectos/Proyecto2/Static_Code\PDD" -I"C:/Users/user/Dropbox/GitHub/FREESCALE-MKL46Z256/Proyectos/Proyecto2/Static_Code\IO_Map" -I"C:/Users/user/Dropbox/GitHub/FREESCALE-MKL46Z256/Proyectos/Proyecto2/Sources" -I"C:/Users/user/Dropbox/GitHub/FREESCALE-MKL46Z256/Proyectos/Proyecto2/Generated_Code" -std=c99 -MMD -MP -MF"Sources/Events.d" -MT"Sources/Events.o" -c -o "Sources/Events.o" "../Sources/Events.c"
'Finished building: ../Sources/Events.c'
' '
'Building file: ../Sources/main.c'
'Invoking: Cross ARM C Compiler'
arm-none-eabi-gcc -mcpu=cortex-m0plus -mthumb -O0 -fmessage-length=0 -fsigned-char -ffunction-sections -fdata-sections  -g3 -I"C:/Users/user/Dropbox/GitHub/FREESCALE-MKL46Z256/Proyectos/Proyecto2/Static_Code\PDD" -I"C:/Users/user/Dropbox/GitHub/FREESCALE-MKL46Z256/Proyectos/Proyecto2/Static_Code\IO_Map" -I"C:/Users/user/Dropbox/GitHub/FREESCALE-MKL46Z256/Proyectos/Proyecto2/Sources" -I"C:/Users/user/Dropbox/GitHub/FREESCALE-MKL46Z256/Proyectos/Proyecto2/Generated_Code" -std=c99 -MMD -MP -MF"Sources/main.d" -MT"Sources/main.o" -c -o "Sources/main.o" "../Sources/main.c"
'Finished building: ../Sources/main.c'
' '
'Building file: ../Project_Settings/Startup_Code/startup.c'
'Invoking: Cross ARM C Compiler'
arm-none-eabi-gcc -mcpu=cortex-m0plus -mthumb -O0 -fmessage-length=0 -fsigned-char -ffunction-sections -fdata-sections  -g3 -I"C:/Users/user/Dropbox/GitHub/FREESCALE-MKL46Z256/Proyectos/Proyecto2/Static_Code\PDD" -I"C:/Users/user/Dropbox/GitHub/FREESCALE-MKL46Z256/Proyectos/Proyecto2/Static_Code\IO_Map" -I"C:/Users/user/Dropbox/GitHub/FREESCALE-MKL46Z256/Proyectos/Proyecto2/Sources" -I"C:/Users/user/Dropbox/GitHub/FREESCALE-MKL46Z256/Proyectos/Proyecto2/Generated_Code" -std=c99 -MMD -MP -MF"Project_Settings/Startup_Code/startup.d" -MT"Project_Settings/Startup_Code/startup.o" -c -o "Project_Settings/Startup_Code/startup.o" "../Project_Settings/Startup_Code/startup.c"
'Finished building: ../Project_Settings/Startup_Code/startup.c'
' '
'Building file: ../Generated_Code/Cpu.c'
'Invoking: Cross ARM C Compiler'
arm-none-eabi-gcc -mcpu=cortex-m0plus -mthumb -O0 -fmessage-length=0 -fsigned-char -ffunction-sections -fdata-sections  -g3 -I"C:/Users/user/Dropbox/GitHub/FREESCALE-MKL46Z256/Proyectos/Proyecto2/Static_Code\PDD" -I"C:/Users/user/Dropbox/GitHub/FREESCALE-MKL46Z256/Proyectos/Proyecto2/Static_Code\IO_Map" -I"C:/Users/user/Dropbox/GitHub/FREESCALE-MKL46Z256/Proyectos/Proyecto2/Sources" -I"C:/Users/user/Dropbox/GitHub/FREESCALE-MKL46Z256/Proyectos/Proyecto2/Generated_Code" -std=c99 -MMD -MP -MF"Generated_Code/Cpu.d" -MT"Generated_Code/Cpu.o" -c -o "Generated_Code/Cpu.o" "../Generated_Code/Cpu.c"
'Finished building: ../Generated_Code/Cpu.c'
' '
'Building file: ../Generated_Code/PE_LDD.c'
'Invoking: Cross ARM C Compiler'
arm-none-eabi-gcc -mcpu=cortex-m0plus -mthumb -O0 -fmessage-length=0 -fsigned-char -ffunction-sections -fdata-sections  -g3 -I"C:/Users/user/Dropbox/GitHub/FREESCALE-MKL46Z256/Proyectos/Proyecto2/Static_Code\PDD" -I"C:/Users/user/Dropbox/GitHub/FREESCALE-MKL46Z256/Proyectos/Proyecto2/Static_Code\IO_Map" -I"C:/Users/user/Dropbox/GitHub/FREESCALE-MKL46Z256/Proyectos/Proyecto2/Sources" -I"C:/Users/user/Dropbox/GitHub/FREESCALE-MKL46Z256/Proyectos/Proyecto2/Generated_Code" -std=c99 -MMD -MP -MF"Generated_Code/PE_LDD.d" -MT"Generated_Code/PE_LDD.o" -c -o "Generated_Code/PE_LDD.o" "../Generated_Code/PE_LDD.c"
'Finished building: ../Generated_Code/PE_LDD.c'
' '
'Building file: ../Generated_Code/Vectors.c'
'Invoking: Cross ARM C Compiler'
arm-none-eabi-gcc -mcpu=cortex-m0plus -mthumb -O0 -fmessage-length=0 -fsigned-char -ffunction-sections -fdata-sections  -g3 -I"C:/Users/user/Dropbox/GitHub/FREESCALE-MKL46Z256/Proyectos/Proyecto2/Static_Code\PDD" -I"C:/Users/user/Dropbox/GitHub/FREESCALE-MKL46Z256/Proyectos/Proyecto2/Static_Code\IO_Map" -I"C:/Users/user/Dropbox/GitHub/FREESCALE-MKL46Z256/Proyectos/Proyecto2/Sources" -I"C:/Users/user/Dropbox/GitHub/FREESCALE-MKL46Z256/Proyectos/Proyecto2/Generated_Code" -std=c99 -MMD -MP -MF"Generated_Code/Vectors.d" -MT"Generated_Code/Vectors.o" -c -o "Generated_Code/Vectors.o" "../Generated_Code/Vectors.c"
'Finished building: ../Generated_Code/Vectors.c'
' '
'Building target: Proyecto2.elf'
'Invoking: Cross ARM C++ Linker'
arm-none-eabi-g++ -mcpu=cortex-m0plus -mthumb -O0 -fmessage-length=0 -fsigned-char -ffunction-sections -fdata-sections  -g3 -T "C:/Users/user/Dropbox/GitHub/FREESCALE-MKL46Z256/Proyectos/Proyecto2/Project_Settings/Linker_Files/ProcessorExpert.ld" -Xlinker --gc-sections -L"C:/Users/user/Dropbox/GitHub/FREESCALE-MKL46Z256/Proyectos/Proyecto2/Project_Settings/Linker_Files" -Wl,-Map,"Proyecto2.map" -nanolibc -o "Proyecto2.elf"  ./Sources/Events.o ./Sources/main.o  ./Project_Settings/Startup_Code/startup.o  ./Generated_Code/Cpu.o ./Generated_Code/PE_LDD.o ./Generated_Code/Vectors.o   
'Finished building target: Proyecto2.elf'
' '

20:57:21 Build Finished (took 3s.357ms)

